Open File airs.flatted.flatted.pds
Load class list based on class map.
std::list<AST_Class_*>* pd2mo::Pd2Mo::getAsClassList(modelCoupled*, std::map<std::basic_string<char>, std::basic_string<char> >*, std::ostream*)
PowerDevs File hybrid\runscilabjob.h to /home/ubuntu/pd2mo/data/hybrid/runscilabjob.mo FILE NO EXISTS
PowerDevs File vector\qss_integrator_vec.h to /home/ubuntu/pd2mo/data/vector/qss_integrator_vec.mo FILE EXISTS 
PowerDevs File vector/scalar2vec.h to /home/ubuntu/pd2mo/data/vector/scalar2vec.mo FILE EXISTS 
PowerDevs File vector/vec2scalar.h to /home/ubuntu/pd2mo/data/vector/vec2scalar.mo FILE EXISTS 
PowerDevs File vector/vector_sum.h to /home/ubuntu/pd2mo/data/vector/vector_sum.mo FILE EXISTS 
PowerDevs File vector\hyst_vec.h to /home/ubuntu/pd2mo/data/vector/hyst_vec.mo FILE EXISTS 
PowerDevs File vector\qss_sum_vec.h to /home/ubuntu/pd2mo/data/vector/qss_sum_vec.mo FILE EXISTS 
PowerDevs File vector\qss_sum_vec.h to /home/ubuntu/pd2mo/data/vector/qss_sum_vec.mo FILE EXISTS 
PowerDevs File sources\constant_sci.h to /home/ubuntu/pd2mo/data/sources/constant_sci.mo FILE EXISTS 
PowerDevs File vector/scalar2vec.h to /home/ubuntu/pd2mo/data/vector/scalar2vec.mo FILE EXISTS 
PowerDevs File sinks/gnuplot.h to /home/ubuntu/pd2mo/data/sinks/gnuplot.mo FILE NO EXISTS
PowerDevs File sources\pulse_sci.h to /home/ubuntu/pd2mo/data/sources/pulse_sci.mo FILE EXISTS 
PowerDevs File sinks/gnuplot.h to /home/ubuntu/pd2mo/data/sinks/gnuplot.mo FILE NO EXISTS
<<No Mapped Class>> @0
class VecInt
  parameter Real VecInt_1_p[5] = {0,1e-06,0.001,20.4648,200};
  constant Integer VecInt_1_N = 200;
  parameter Real VecInt_1_x0 = 20.4648;
  Real VecInt_1_u[VecInt_1_N,1];
  Real VecInt_1_y[VecInt_1_N,1];
  initial equation
    for VecInt_1_i in 1:VecInt_1_N loop
      VecInt_1_y[VecInt_1_i,1] = VecInt_1_x0;
    end for;
  equation
    for VecInt_1_i in 1:VecInt_1_N loop
      der(VecInt_1_y[VecInt_1_i,1]) = VecInt_1_u[VecInt_1_i,1];
    end for;
end VecInt;
@1
class Scalar2Vector
  constant Real Scalar2Vector_2_p[2] = {-1,200};
  constant Integer Scalar2Vector_2_N = integer(200);
  parameter Integer Scalar2Vector_2_Index = integer(-1);
  Real Scalar2Vector_2_u[1];
  Real Scalar2Vector_2_y[Scalar2Vector_2_N,1];
  equation
    if (Scalar2Vector_2_Index==((-1))) then 
      for Scalar2Vector_2_i in 1:Scalar2Vector_2_N loop
        Scalar2Vector_2_y[Scalar2Vector_2_i,1] = Scalar2Vector_2_u[1];
      end for;
    else
      for Scalar2Vector_2_i in 1:Scalar2Vector_2_Index loop
        Scalar2Vector_2_y[Scalar2Vector_2_i,1] = 0;
      end for;
      Scalar2Vector_2_y[Scalar2Vector_2_Index+1,1] = Scalar2Vector_2_u[1];
      for Scalar2Vector_2_i in Scalar2Vector_2_Index+2:Scalar2Vector_2_N loop
        Scalar2Vector_2_y[Scalar2Vector_2_i,1] = 0;
      end for;
    end if;
end Scalar2Vector;
@2
class Vec2Scalar
  parameter Real Vec2Scalar_3_p[2] = {0,200};
  parameter Integer Vec2Scalar_3_Index = 0+1;
  constant Integer Vec2Scalar_3_N = 200;
  Real Vec2Scalar_3_u[Vec2Scalar_3_N,1];
  Real Vec2Scalar_3_y[1];
  equation
    Vec2Scalar_3_y[1] = Vec2Scalar_3_u[Vec2Scalar_3_Index,1];
end Vec2Scalar;
@3
class vector_sum
  parameter Real vector_sum_4_p[2] = {-0.000357109,200};
  constant Integer vector_sum_4_N = 200;
  Real vector_sum_4_u[vector_sum_4_N,1];
  Real vector_sum_4_y[1];
  Real vector_sum_4_K = -0.000357109;
  equation
    vector_sum_4_y[1] = vector_sum_4_K*sum(vector_sum_4_u[:,1]);
end vector_sum;
@4
model hysteretic_vec
  constant Real hysteretic_vec_5_p[5] = {-0.5,0.5,-14.498,0,200};
  parameter Real hysteretic_vec_5_xl = -0.5;
  parameter Real hysteretic_vec_5_xu = 0.5;
  parameter Real hysteretic_vec_5_yl = -14.498;
  parameter Real hysteretic_vec_5_yu = 0;
  constant Integer hysteretic_vec_5_N = integer(200);
  Real hysteretic_vec_5_u[hysteretic_vec_5_N,1];
  Real hysteretic_vec_5_y[hysteretic_vec_5_N,1];
  discrete Real hysteretic_vec_5_state[hysteretic_vec_5_N];
  equation
    for hysteretic_vec_5_i in 1:hysteretic_vec_5_N loop
      hysteretic_vec_5_y[hysteretic_vec_5_i,1] = hysteretic_vec_5_state[hysteretic_vec_5_i];
    end for;
  algorithm
    for hysteretic_vec_5_i in 1:hysteretic_vec_5_N loop
      when hysteretic_vec_5_u[hysteretic_vec_5_i,1]>hysteretic_vec_5_xu then
        hysteretic_vec_5_state[hysteretic_vec_5_i]:=hysteretic_vec_5_yu;
      end when;
    end for;
    for hysteretic_vec_5_i in 1:hysteretic_vec_5_N loop
      when hysteretic_vec_5_u[hysteretic_vec_5_N,1]<hysteretic_vec_5_xl then
        hysteretic_vec_5_state[hysteretic_vec_5_i]:=hysteretic_vec_5_yl;
      end when;
    end for;
end hysteretic_vec;
@5
class VectorSum
  parameter Real VectorSum_6_p[10] = {1,-1,0,0,0,0,0,0,2,200};
  constant Integer VectorSum_6_N = 200;
  constant Integer VectorSum_6_nin = 2;
  parameter Real VectorSum_6_w[VectorSum_6_nin] = VectorSum_6_p[1:VectorSum_6_nin];
  Real VectorSum_6_u[VectorSum_6_N,VectorSum_6_nin];
  Real VectorSum_6_y[VectorSum_6_N,1];
  equation
    for VectorSum_6_i in 1:VectorSum_6_N loop
      VectorSum_6_y[VectorSum_6_i,1] = VectorSum_6_u[VectorSum_6_i,1:VectorSum_6_nin]*VectorSum_6_w;
    end for;
end VectorSum;
@6
class VectorSum
  parameter Real VectorSum_7_p[10] = {0.000844084,0.000844084,0.00157873,-0.000844084,0,0,0,0,3,200};
  constant Integer VectorSum_7_N = 200;
  constant Integer VectorSum_7_nin = 3;
  parameter Real VectorSum_7_w[VectorSum_7_nin] = VectorSum_7_p[1:VectorSum_7_nin];
  Real VectorSum_7_u[VectorSum_7_N,VectorSum_7_nin];
  Real VectorSum_7_y[VectorSum_7_N,1];
  equation
    for VectorSum_7_i in 1:VectorSum_7_N loop
      VectorSum_7_y[VectorSum_7_i,1] = VectorSum_7_u[VectorSum_7_i,1:VectorSum_7_nin]*VectorSum_7_w;
    end for;
end VectorSum;
@7
class Constant
  parameter Real Constant_8_k = 1;
  Real Constant_8_y[1];
  equation
    Constant_8_y[1] = Constant_8_k;
end Constant;
@8
class Scalar2Vector
  constant Real Scalar2Vector_9_p[2] = {-1,200};
  constant Integer Scalar2Vector_9_N = integer(200);
  parameter Integer Scalar2Vector_9_Index = integer(-1);
  Real Scalar2Vector_9_u[1];
  Real Scalar2Vector_9_y[Scalar2Vector_9_N,1];
  equation
    if (Scalar2Vector_9_Index==((-1))) then 
      for Scalar2Vector_9_i in 1:Scalar2Vector_9_N loop
        Scalar2Vector_9_y[Scalar2Vector_9_i,1] = Scalar2Vector_9_u[1];
      end for;
    else
      for Scalar2Vector_9_i in 1:Scalar2Vector_9_Index loop
        Scalar2Vector_9_y[Scalar2Vector_9_i,1] = 0;
      end for;
      Scalar2Vector_9_y[Scalar2Vector_9_Index+1,1] = Scalar2Vector_9_u[1];
      for Scalar2Vector_9_i in Scalar2Vector_9_Index+2:Scalar2Vector_9_N loop
        Scalar2Vector_9_y[Scalar2Vector_9_i,1] = 0;
      end for;
    end if;
end Scalar2Vector;
@9
<<No Mapped Class>> @10
model pulse_sci
  constant Real pulse_sci_11_p[4] = {20,0.5,1000,2000};
  parameter Real pulse_sci_11_low = 20;
  parameter Real pulse_sci_11_amplitude = 0.5;
  parameter Real pulse_sci_11_ti = 1000;
  parameter Real pulse_sci_11_tf = 2000;
  Real pulse_sci_11_d(start = pulse_sci_11_low);
  Real pulse_sci_11_y[1];
  equation
    pulse_sci_11_y[1] = pulse_sci_11_d;
  algorithm
    when time>pulse_sci_11_ti then
      pulse_sci_11_d:=pulse_sci_11_low+pulse_sci_11_amplitude;
    end when;
    when time>pulse_sci_11_tf then
      pulse_sci_11_d:=pulse_sci_11_low;
    end when;
end pulse_sci;
@11
<<No Mapped Class>> @12
VecInt
Scalar2Vector
Vec2Scalar
vector_sum
hysteretic_vec
VectorSum
VectorSum
Constant
Scalar2Vector
pulse_sci
Add coupledmodel connections
Error connecting : VecInt_1_ and Vec2Scalar_3_
Vectorial connection
VecInt_1_y --> Vec2Scalar_3_u(VecInt_1_N)
Vec2Scalar_3_u[1] = VecInt_1_y[1];

Error connecting : hysteretic_vec_5_ and vector_sum_4_
Unkown connection
Error connecting : VectorSum_6_ and hysteretic_vec_5_
Unkown connection
Error connecting : Scalar2Vector_2_ and VectorSum_6_
Unkown connection
Vectorial connection
VecInt_1_y --> VectorSum_6_u(VecInt_1_N)
VectorSum_6_u[2] = VecInt_1_y[1];

Vectorial connection
VectorSum_7_y --> VecInt_1_u(VectorSum_7_N)
VecInt_1_u[1] = VectorSum_7_y[1];

Error connecting : hysteretic_vec_5_ and VectorSum_7_
Unkown connection
Vectorial connection
VecInt_1_y --> VectorSum_7_u(VecInt_1_N)
VectorSum_7_u[3] = VecInt_1_y[1];

Scalar connection
Scalar2Vector_9_u[1] = Constant_8_y[1];

Error connecting : Scalar2Vector_9_ and VectorSum_7_
Unkown connection
Scalar connection
Scalar2Vector_2_u[1] = pulse_sci_11_y[1];

